<?xml version="1.0" encoding="UTF-8"?>
<testng-results skipped="0" failed="0" ignored="0" total="1" passed="1">
  <reporter-output>
  </reporter-output>
  <suite name="maven.cucumber.naveen.testrunner.TestRunner" duration-ms="25550" started-at="2019-02-07T16:52:31Z" finished-at="2019-02-07T16:52:56Z">
    <groups>
      <group name="cucumber">
        <method signature="AbstractTestNGCucumberTests.feature(cucumber.api.testng.CucumberFeatureWrapper)[pri:0, instance:maven.cucumber.naveen.testrunner.TestRunner@2096442d]" name="feature" class="cucumber.api.testng.AbstractTestNGCucumberTests"/>
      </group> <!-- cucumber -->
    </groups>
    <test name="Command line test" duration-ms="25550" started-at="2019-02-07T16:52:31Z" finished-at="2019-02-07T16:52:56Z">
      <class name="maven.cucumber.naveen.testrunner.TestRunner">
        <test-method status="PASS" signature="setUpClass()[pri:0, instance:maven.cucumber.naveen.testrunner.TestRunner@2096442d]" name="setUpClass" is-config="true" duration-ms="363" started-at="2019-02-07T16:52:31Z" finished-at="2019-02-07T16:52:31Z">
          <reporter-output>
          </reporter-output>
        </test-method> <!-- setUpClass -->
        <test-method status="PASS" signature="feature(cucumber.api.testng.CucumberFeatureWrapper)[pri:0, instance:maven.cucumber.naveen.testrunner.TestRunner@2096442d]" name="feature" duration-ms="24846" started-at="2019-02-07T16:52:31Z" description="Runs Cucumber Feature" data-provider="features" finished-at="2019-02-07T16:52:56Z">
          <params>
            <param index="0">
              <value>
                <![CDATA[Login in Rediffmail]]>
              </value>
            </param>
          </params>
          <reporter-output>
          </reporter-output>
        </test-method> <!-- feature -->
        <test-method status="PASS" signature="tearDownClass()[pri:0, instance:maven.cucumber.naveen.testrunner.TestRunner@2096442d]" name="tearDownClass" is-config="true" duration-ms="189" started-at="2019-02-07T16:52:56Z" finished-at="2019-02-07T16:52:56Z">
          <reporter-output>
          </reporter-output>
        </test-method> <!-- tearDownClass -->
      </class> <!-- maven.cucumber.naveen.testrunner.TestRunner -->
    </test> <!-- Command line test -->
  </suite> <!-- maven.cucumber.naveen.testrunner.TestRunner -->
</testng-results>
