<?xml version="1.0" encoding="UTF-8"?>
<testng-results skipped="0" failed="0" ignored="0" total="1" passed="1">
  <reporter-output>
  </reporter-output>
  <suite name="Default suite" duration-ms="49936" started-at="2019-02-07T14:33:48Z" finished-at="2019-02-07T14:34:38Z">
    <groups>
      <group name="cucumber">
        <method signature="AbstractTestNGCucumberTests.feature(cucumber.api.testng.CucumberFeatureWrapper)[pri:0, instance:maven.cucumber.naveen.testrunner.TestRunner@2f686d1f]" name="feature" class="cucumber.api.testng.AbstractTestNGCucumberTests"/>
      </group> <!-- cucumber -->
    </groups>
    <test name="Default test" duration-ms="49936" started-at="2019-02-07T14:33:48Z" finished-at="2019-02-07T14:34:38Z">
      <class name="maven.cucumber.naveen.testrunner.TestRunner">
        <test-method status="PASS" signature="setUpClass()[pri:0, instance:maven.cucumber.naveen.testrunner.TestRunner@2f686d1f]" name="setUpClass" is-config="true" duration-ms="487" started-at="2019-02-07T14:33:48Z" finished-at="2019-02-07T14:33:48Z">
          <reporter-output>
          </reporter-output>
        </test-method> <!-- setUpClass -->
        <test-method status="PASS" signature="feature(cucumber.api.testng.CucumberFeatureWrapper)[pri:0, instance:maven.cucumber.naveen.testrunner.TestRunner@2f686d1f]" name="feature" duration-ms="48982" started-at="2019-02-07T14:33:48Z" description="Runs Cucumber Feature" data-provider="features" finished-at="2019-02-07T14:34:37Z">
          <params>
            <param index="0">
              <value>
                <![CDATA[Login in Rediffmail]]>
              </value>
            </param>
          </params>
          <reporter-output>
          </reporter-output>
        </test-method> <!-- feature -->
        <test-method status="PASS" signature="tearDownClass()[pri:0, instance:maven.cucumber.naveen.testrunner.TestRunner@2f686d1f]" name="tearDownClass" is-config="true" duration-ms="265" started-at="2019-02-07T14:34:37Z" finished-at="2019-02-07T14:34:38Z">
          <reporter-output>
          </reporter-output>
        </test-method> <!-- tearDownClass -->
      </class> <!-- maven.cucumber.naveen.testrunner.TestRunner -->
    </test> <!-- Default test -->
  </suite> <!-- Default suite -->
</testng-results>
